<?xml version="1.0" encoding="UTF-8"?>
<!-- Generated by org.testng.reporters.JUnitReportReporter -->
<testsuite hostname="DESKTOP-NB2IE9U" failures="0" tests="4" name="com.nocomerce.user.Level_04_Multiple_Browser" time="4.032" errors="0" timestamp="17 Nov 2021 11:22:25 GMT" skipped="0">
  <testcase classname="com.nocomerce.user.Level_04_Multiple_Browser" name="User_01_Login_Invalid_Email" time="1.271"/>
  <testcase classname="com.nocomerce.user.Level_04_Multiple_Browser" name="User_01_Login_Invalid_Email" time="0.823"/>
  <testcase classname="com.nocomerce.user.Level_04_Multiple_Browser" name="User_01_Login_Invalid_Email" time="0.674"/>
  <testcase classname="com.nocomerce.user.Level_04_Multiple_Browser" name="User_01_Login_Invalid_Email" time="1.264"/>
</testsuite> <!-- com.nocomerce.user.Level_04_Multiple_Browser -->
